Active-HDL 12.0.118.7745 2024-12-07 14:32:38

Elaboration top modules:
Architecture                  TB_ARCHITECTURE(FN_entity_TB)


---------------------------------------------------------------------------------------------------
Entity        | Architecture    | Library   | Info | Compiler Version        | Compilation Options
---------------------------------------------------------------------------------------------------
FN_entity_TB  | TB_ARCHITECTURE | dummyfile |      | 12.0.118.7745 (Windows) | -dbg -2019
shiftRows     | behavioral      | dummyfile |      | 12.0.118.7745 (Windows) | -dbg -2019
mix_columns   | dataflow        | dummyfile |      | 12.0.118.7745 (Windows) | -dbg -2019
Sub_box       | dataflow        | dummyfile |      | 12.0.118.7745 (Windows) | -dbg -2019
GF_Multiplier | dataFlow        | dummyfile |      | 12.0.118.7745 (Windows) | -dbg -2019
Sbox          | dataflow        | dummyfile |      | 12.0.118.7745 (Windows) | -dbg -2019
---------------------------------------------------------------------------------------------------

---------------------------------------------------------------------------------------------------
VHDL Package                    | Library   | Info | Compiler Version        | Compilation Options
---------------------------------------------------------------------------------------------------
standard                        | std       |      |                         | <unavailable>
TEXTIO                          | std       |      |                         | <unavailable>
std_logic_1164                  | ieee      |      |                         | <unavailable>
NUMERIC_STD                     | ieee      |      |                         | <unavailable>
function_package                | dummyfile |      |                         | <unavailable>
---------------------------------------------------------------------------------------------------

---------------------------------------------------------------------------------------------------
Library                         | Comment
---------------------------------------------------------------------------------------------------
dummyfile                       | None
ieee                            | Standard IEEE packages library
std                             | Standard VHDL library
---------------------------------------------------------------------------------------------------
