# ELBREAD: Elaboration process.
# ELBREAD: Error: The contents of package 'dummyfile.function_package' referenced in entity 'aes_128_encrypt_f24_tb' differ from the contents available during the compilation of this entity.
# ELBREAD: Error: Elaboration process completed with errors.
# Design: Error: Elaboration failed
acom -dbg -e 100 -work dummyFile -2019  $dsn/src/function_package.vhd
# File: C:/Users/andre/OneDrive/School/ECE 341/encrypt_project_ECE341/dummyFile/src/function_package.vhd
# Compile Package "function_package"
# Compile Package Body "function_package"
# Warning: COMP96_0048: function_package.vhd : (140, 1): This function may complete without return statement.
# Warning: COMP96_0367: function_package.vhd : (172, 14): Improper array length (8). Expected length is 16.
# Error: COMP96_0131: function_package.vhd : (173, 30): Illegal operand for type conversion.
# Error: COMP96_0149: function_package.vhd : (173, 90): Explicit type conversions are allowed between closely related types only.
# Error: COMP96_0367: function_package.vhd : (173, 14): Improper array length (1). Expected length is 16.
# Error: COMP96_0078: function_package.vhd : (174, 18): Unknown identifier "multiplicand".
# Error: COMP96_0133: function_package.vhd : (174, 18): Cannot find object declaration.
# Error: COMP96_0077: function_package.vhd : (174, 10): Undefined type of expression. Expected type 'STD_ULOGIC_VECTOR'.
# Error: COMP96_0149: function_package.vhd : (175, 17): Explicit type conversions are allowed between closely related types only.
# Compile failure 7 Errors 2 Warnings  Analysis time :  63.0 [ms]
acom -dbg -e 100 -work dummyFile -2019  $dsn/src/function_package.vhd
# File: C:/Users/andre/OneDrive/School/ECE 341/encrypt_project_ECE341/dummyFile/src/function_package.vhd
# Compile Package "function_package"
# Compile Package Body "function_package"
# Warning: COMP96_0048: function_package.vhd : (140, 1): This function may complete without return statement.
# Error: COMP96_0367: function_package.vhd : (164, 53): Improper array length (15). Expected length is 16.
# Warning: COMP96_0367: function_package.vhd : (174, 14): Improper array length (8). Expected length is 16.
# Error: COMP96_0131: function_package.vhd : (176, 30): Illegal operand for type conversion.
# Error: COMP96_0149: function_package.vhd : (176, 52): Explicit type conversions are allowed between closely related types only.
# Error: COMP96_0367: function_package.vhd : (176, 14): Improper array length (1). Expected length is 16.
# Error: COMP96_0078: function_package.vhd : (177, 18): Unknown identifier "multiplicand".
# Error: COMP96_0133: function_package.vhd : (177, 18): Cannot find object declaration.
# Error: COMP96_0077: function_package.vhd : (177, 10): Undefined type of expression. Expected type 'STD_ULOGIC_VECTOR'.
# Compile failure 7 Errors 2 Warnings  Analysis time :  0.0 [ms]
acom -dbg -e 100 -work dummyFile -2019  $dsn/src/function_package.vhd
# File: C:/Users/andre/OneDrive/School/ECE 341/encrypt_project_ECE341/dummyFile/src/function_package.vhd
# Compile Package "function_package"
# Compile Package Body "function_package"
# Warning: COMP96_0048: function_package.vhd : (140, 1): This function may complete without return statement.
# Warning: COMP96_0367: function_package.vhd : (174, 14): Improper array length (8). Expected length is 16.
# Error: COMP96_0131: function_package.vhd : (176, 30): Illegal operand for type conversion.
# Error: COMP96_0149: function_package.vhd : (176, 52): Explicit type conversions are allowed between closely related types only.
# Error: COMP96_0367: function_package.vhd : (176, 14): Improper array length (1). Expected length is 16.
# Error: COMP96_0078: function_package.vhd : (177, 18): Unknown identifier "multiplicand".
# Error: COMP96_0133: function_package.vhd : (177, 18): Cannot find object declaration.
# Error: COMP96_0077: function_package.vhd : (177, 10): Undefined type of expression. Expected type 'STD_ULOGIC_VECTOR'.
# Compile failure 6 Errors 2 Warnings  Analysis time :  16.0 [ms]
acom -dbg -e 100 -work dummyFile -2019  $dsn/src/function_package.vhd
# File: C:/Users/andre/OneDrive/School/ECE 341/encrypt_project_ECE341/dummyFile/src/function_package.vhd
# Compile Package "function_package"
# Compile Package Body "function_package"
# Warning: COMP96_0048: function_package.vhd : (140, 1): This function may complete without return statement.
# Error: COMP96_0131: function_package.vhd : (176, 30): Illegal operand for type conversion.
# Error: COMP96_0149: function_package.vhd : (176, 52): Explicit type conversions are allowed between closely related types only.
# Error: COMP96_0367: function_package.vhd : (176, 14): Improper array length (1). Expected length is 16.
# Error: COMP96_0078: function_package.vhd : (177, 18): Unknown identifier "multiplicand".
# Error: COMP96_0133: function_package.vhd : (177, 18): Cannot find object declaration.
# Error: COMP96_0077: function_package.vhd : (177, 10): Undefined type of expression. Expected type 'STD_ULOGIC_VECTOR'.
# Compile failure 6 Errors 1 Warnings  Analysis time :  15.0 [ms]
acom -dbg -e 100 -work dummyFile -2019  $dsn/src/function_package.vhd
# File: C:/Users/andre/OneDrive/School/ECE 341/encrypt_project_ECE341/dummyFile/src/function_package.vhd
# Compile Package "function_package"
# Compile Package Body "function_package"
# Warning: COMP96_0048: function_package.vhd : (140, 1): This function may complete without return statement.
# Error: COMP96_0131: function_package.vhd : (176, 30): Illegal operand for type conversion.
# Error: COMP96_0149: function_package.vhd : (176, 55): Explicit type conversions are allowed between closely related types only.
# Error: COMP96_0367: function_package.vhd : (176, 14): Improper array length (1). Expected length is 16.
# Error: COMP96_0078: function_package.vhd : (177, 18): Unknown identifier "multiplicand".
# Error: COMP96_0133: function_package.vhd : (177, 18): Cannot find object declaration.
# Error: COMP96_0077: function_package.vhd : (177, 10): Undefined type of expression. Expected type 'STD_ULOGIC_VECTOR'.
# Compile failure 6 Errors 1 Warnings  Analysis time :  15.0 [ms]
acom -dbg -e 100 -work dummyFile -2019  $dsn/src/function_package.vhd
# File: C:/Users/andre/OneDrive/School/ECE 341/encrypt_project_ECE341/dummyFile/src/function_package.vhd
# Compile Package "function_package"
# Compile Package Body "function_package"
# Warning: COMP96_0048: function_package.vhd : (140, 1): This function may complete without return statement.
# Error: COMP96_0131: function_package.vhd : (177, 30): Illegal operand for type conversion.
# Error: COMP96_0149: function_package.vhd : (177, 50): Explicit type conversions are allowed between closely related types only.
# Error: COMP96_0367: function_package.vhd : (177, 14): Improper array length (1). Expected length is 16.
# Error: COMP96_0078: function_package.vhd : (178, 18): Unknown identifier "multiplicand".
# Error: COMP96_0133: function_package.vhd : (178, 18): Cannot find object declaration.
# Error: COMP96_0077: function_package.vhd : (178, 10): Undefined type of expression. Expected type 'STD_ULOGIC_VECTOR'.
# Compile failure 6 Errors 1 Warnings  Analysis time :  0.0 [ms]
acom -dbg -e 100 -work dummyFile -2019  $dsn/src/function_package.vhd
# File: C:/Users/andre/OneDrive/School/ECE 341/encrypt_project_ECE341/dummyFile/src/function_package.vhd
# Compile Package "function_package"
# Compile Package Body "function_package"
# Warning: COMP96_0048: function_package.vhd : (140, 1): This function may complete without return statement.
# Error: COMP96_0131: function_package.vhd : (177, 30): Illegal operand for type conversion.
# Error: COMP96_0149: function_package.vhd : (177, 47): Explicit type conversions are allowed between closely related types only.
# Error: COMP96_0367: function_package.vhd : (177, 14): Improper array length (1). Expected length is 16.
# Error: COMP96_0078: function_package.vhd : (178, 18): Unknown identifier "multiplicand".
# Error: COMP96_0133: function_package.vhd : (178, 18): Cannot find object declaration.
# Error: COMP96_0077: function_package.vhd : (178, 10): Undefined type of expression. Expected type 'STD_ULOGIC_VECTOR'.
# Compile failure 6 Errors 1 Warnings  Analysis time :  15.0 [ms]
acom -dbg -e 100 -work dummyFile -2019  $dsn/src/function_package.vhd
# File: C:/Users/andre/OneDrive/School/ECE 341/encrypt_project_ECE341/dummyFile/src/function_package.vhd
# Compile Package "function_package"
# Compile Package Body "function_package"
# Warning: COMP96_0048: function_package.vhd : (140, 1): This function may complete without return statement.
# Error: COMP96_0149: function_package.vhd : (177, 40): Explicit type conversions are allowed between closely related types only.
# Warning: COMP96_0367: function_package.vhd : (177, 14): Improper array length (1). Expected length is 16.
# Error: COMP96_0078: function_package.vhd : (178, 18): Unknown identifier "multiplicand".
# Error: COMP96_0133: function_package.vhd : (178, 18): Cannot find object declaration.
# Error: COMP96_0077: function_package.vhd : (178, 10): Undefined type of expression. Expected type 'STD_ULOGIC_VECTOR'.
# Compile failure 4 Errors 2 Warnings  Analysis time :  16.0 [ms]
acom -dbg -e 100 -work dummyFile -2019  $dsn/src/function_package.vhd
# File: C:/Users/andre/OneDrive/School/ECE 341/encrypt_project_ECE341/dummyFile/src/function_package.vhd
# Compile Package "function_package"
# Compile Package Body "function_package"
# Warning: COMP96_0048: function_package.vhd : (140, 1): This function may complete without return statement.
# Error: COMP96_0149: function_package.vhd : (177, 40): Explicit type conversions are allowed between closely related types only.
# Warning: COMP96_0367: function_package.vhd : (177, 14): Improper array length (1). Expected length is 16.
# Compile failure 1 Errors 2 Warnings  Analysis time :  0.0 [ms]
acom -dbg -e 100 -work dummyFile -2019  $dsn/src/function_package.vhd
# File: C:/Users/andre/OneDrive/School/ECE 341/encrypt_project_ECE341/dummyFile/src/function_package.vhd
# Compile Package "function_package"
# Compile Package Body "function_package"
# Warning: COMP96_0048: function_package.vhd : (140, 1): This function may complete without return statement.
# Error: COMP96_0131: function_package.vhd : (177, 30): Illegal operand for type conversion.
# Error: COMP96_0149: function_package.vhd : (177, 47): Explicit type conversions are allowed between closely related types only.
# Error: COMP96_0367: function_package.vhd : (177, 14): Improper array length (1). Expected length is 16.
# Compile failure 3 Errors 1 Warnings  Analysis time :  16.0 [ms]
acom -dbg -e 100 -work dummyFile -2019  $dsn/src/function_package.vhd
# File: C:/Users/andre/OneDrive/School/ECE 341/encrypt_project_ECE341/dummyFile/src/function_package.vhd
# Compile Package "function_package"
# Compile Package Body "function_package"
# Warning: COMP96_0048: function_package.vhd : (140, 1): This function may complete without return statement.
# Error: COMP96_0149: function_package.vhd : (177, 43): Explicit type conversions are allowed between closely related types only.
# Error: COMP96_0305: function_package.vhd : (177, 14): Cannot find function "to_std_logic_vector" for these actuals.
# Error: COMP96_0077: function_package.vhd : (177, 14): Undefined type of expression. Expected type 'STD_ULOGIC_VECTOR'.
# Compile failure 3 Errors 1 Warnings  Analysis time :  16.0 [ms]
acom -dbg -e 100 -work dummyFile -2019  $dsn/src/function_package.vhd
# File: C:/Users/andre/OneDrive/School/ECE 341/encrypt_project_ECE341/dummyFile/src/function_package.vhd
# Compile Package "function_package"
# Compile Package Body "function_package"
# Warning: COMP96_0048: function_package.vhd : (140, 1): This function may complete without return statement.
# Error: COMP96_0131: function_package.vhd : (177, 30): Illegal operand for type conversion.
# Error: COMP96_0149: function_package.vhd : (177, 50): Explicit type conversions are allowed between closely related types only.
# Error: COMP96_0367: function_package.vhd : (177, 14): Improper array length (1). Expected length is 16.
# Compile failure 3 Errors 1 Warnings  Analysis time :  0.0 [ms]
acom -dbg -e 100 -work dummyFile -2019  $dsn/src/function_package.vhd
# File: C:/Users/andre/OneDrive/School/ECE 341/encrypt_project_ECE341/dummyFile/src/function_package.vhd
# Compile Package "function_package"
# Compile Package Body "function_package"
# Warning: COMP96_0048: function_package.vhd : (140, 1): This function may complete without return statement.
# Error: COMP96_0131: function_package.vhd : (177, 30): Illegal operand for type conversion.
# Error: COMP96_0149: function_package.vhd : (177, 54): Explicit type conversions are allowed between closely related types only.
# Error: COMP96_0367: function_package.vhd : (177, 14): Improper array length (1). Expected length is 16.
# Compile failure 3 Errors 1 Warnings  Analysis time :  16.0 [ms]
acom -dbg -e 100 -work dummyFile -2019  $dsn/src/function_package.vhd
# File: C:/Users/andre/OneDrive/School/ECE 341/encrypt_project_ECE341/dummyFile/src/function_package.vhd
# Compile Package "function_package"
# Compile Package Body "function_package"
# Warning: COMP96_0048: function_package.vhd : (140, 1): This function may complete without return statement.
# Error: ELAB1_0003: function_package.vhd : (8, 0): The subprogram "multword" has no corresponding body declaration.
# Error: ELAB1_0003: function_package.vhd : (9, 0): The subprogram "multmax" has no corresponding body declaration.
# Compile failure 2 Errors 1 Warnings  Analysis time :  15.0 [ms]
acom -dbg -e 100 -work dummyFile -2019  $dsn/src/function_package.vhd
# File: C:/Users/andre/OneDrive/School/ECE 341/encrypt_project_ECE341/dummyFile/src/function_package.vhd
# Compile Package "function_package"
# Compile Package Body "function_package"
# Warning: COMP96_0048: function_package.vhd : (140, 1): This function may complete without return statement.
# Error: ELAB1_0003: function_package.vhd : (8, 0): The subprogram "multword" has no corresponding body declaration.
# Error: ELAB1_0003: function_package.vhd : (9, 0): The subprogram "multmax" has no corresponding body declaration.
# Compile failure 2 Errors 1 Warnings  Analysis time :  16.0 [ms]
acom -dbg -e 100 -work dummyFile -2019  $dsn/src/function_package.vhd
# File: C:/Users/andre/OneDrive/School/ECE 341/encrypt_project_ECE341/dummyFile/src/function_package.vhd
# Compile Package "function_package"
# Compile Package Body "function_package"
# Error: COMP96_0019: function_package.vhd : (95, 30): Keyword 'of' expected.
# Warning: COMP96_0048: function_package.vhd : (99, 2): This function may complete without return statement.
# Error: COMP96_0019: function_package.vhd : (99, 2): Keyword 'end' expected.
# Error: COMP96_0018: function_package.vhd : (101, 3): Identifier expected.
# Error: COMP96_0015: function_package.vhd : (129, 8): ';' expected.
# Error: COMP96_0016: function_package.vhd : (129, 10): Design unit declaration expected.
# Error: COMP96_0018: function_package.vhd : (192, 17): Identifier expected.
# Compile failure 6 Errors 1 Warnings  Analysis time :  0.1 [s]
acom -dbg -e 100 -work dummyFile -2019  $dsn/src/function_package.vhd
# File: C:/Users/andre/OneDrive/School/ECE 341/encrypt_project_ECE341/dummyFile/src/function_package.vhd
# Compile Package "function_package"
# Compile Package Body "function_package"
# Error: COMP96_0019: function_package.vhd : (95, 29): Keyword 'of' expected.
# Warning: COMP96_0048: function_package.vhd : (99, 2): This function may complete without return statement.
# Error: COMP96_0019: function_package.vhd : (99, 2): Keyword 'end' expected.
# Error: COMP96_0018: function_package.vhd : (101, 3): Identifier expected.
# Error: COMP96_0015: function_package.vhd : (129, 8): ';' expected.
# Error: COMP96_0016: function_package.vhd : (129, 10): Design unit declaration expected.
# Error: COMP96_0018: function_package.vhd : (192, 17): Identifier expected.
# Compile failure 6 Errors 1 Warnings  Analysis time :  93.0 [ms]
acom -dbg -e 100 -work dummyFile -2019  $dsn/src/function_package.vhd
# File: C:/Users/andre/OneDrive/School/ECE 341/encrypt_project_ECE341/dummyFile/src/function_package.vhd
# Compile Package "function_package"
# Compile Package Body "function_package"
# Warning: COMP96_0048: function_package.vhd : (99, 2): This function may complete without return statement.
# Error: COMP96_0019: function_package.vhd : (99, 2): Keyword 'end' expected.
# Error: COMP96_0018: function_package.vhd : (101, 3): Identifier expected.
# Error: COMP96_0015: function_package.vhd : (129, 8): ';' expected.
# Error: COMP96_0016: function_package.vhd : (129, 10): Design unit declaration expected.
# Error: COMP96_0018: function_package.vhd : (192, 17): Identifier expected.
# Compile failure 5 Errors 1 Warnings  Analysis time :  31.0 [ms]
acom -dbg -e 100 -work dummyFile -2019  $dsn/src/function_package.vhd
# File: C:/Users/andre/OneDrive/School/ECE 341/encrypt_project_ECE341/dummyFile/src/function_package.vhd
# Compile Package "function_package"
# Compile Package Body "function_package"
# Error: COMP96_0015: function_package.vhd : (138, 3): ';' expected.
# Warning: COMP96_0048: function_package.vhd : (150, 1): This function may complete without return statement.
# Compile failure 1 Errors 1 Warnings  Analysis time :  63.0 [ms]
acom -dbg -e 100 -work dummyFile -2019  $dsn/src/function_package.vhd
# File: C:/Users/andre/OneDrive/School/ECE 341/encrypt_project_ECE341/dummyFile/src/function_package.vhd
# Compile Package "function_package"
# Compile Package Body "function_package"
# Warning: COMP96_0048: function_package.vhd : (150, 1): This function may complete without return statement.
# Error: COMP96_0283: function_package.vhd : (100, 14): Actual index positions do not correspond to index positions in type declaration.
# Error: COMP96_0617: function_package.vhd : (100, 24): Assignment target incompatible with right side. Cannot convert 'STD_ULOGIC_VECTOR' to 'STD_ULOGIC'.
# Error: COMP96_0283: function_package.vhd : (101, 14): Actual index positions do not correspond to index positions in type declaration.
# Error: COMP96_0617: function_package.vhd : (101, 24): Assignment target incompatible with right side. Cannot convert 'STD_ULOGIC_VECTOR' to 'STD_ULOGIC'.
# Error: COMP96_0283: function_package.vhd : (102, 14): Actual index positions do not correspond to index positions in type declaration.
# Error: COMP96_0617: function_package.vhd : (102, 24): Assignment target incompatible with right side. Cannot convert 'STD_ULOGIC_VECTOR' to 'STD_ULOGIC'.
# Error: COMP96_0283: function_package.vhd : (103, 14): Actual index positions do not correspond to index positions in type declaration.
# Error: COMP96_0617: function_package.vhd : (103, 24): Assignment target incompatible with right side. Cannot convert 'STD_ULOGIC_VECTOR' to 'STD_ULOGIC'.
# Error: COMP96_0283: function_package.vhd : (115, 22): Actual index positions do not correspond to index positions in type declaration.
# Error: COMP96_0617: function_package.vhd : (115, 11): Assignment target incompatible with right side. Cannot convert 'STD_ULOGIC' to 'STD_ULOGIC_VECTOR'.
# Error: COMP96_0283: function_package.vhd : (116, 14): Actual index positions do not correspond to index positions in type declaration.
# Error: COMP96_0283: function_package.vhd : (116, 35): Actual index positions do not correspond to index positions in type declaration.
# Error: COMP96_0283: function_package.vhd : (117, 14): Actual index positions do not correspond to index positions in type declaration.
# Error: COMP96_0283: function_package.vhd : (117, 35): Actual index positions do not correspond to index positions in type declaration.
# Error: COMP96_0283: function_package.vhd : (118, 14): Actual index positions do not correspond to index positions in type declaration.
# Error: COMP96_0283: function_package.vhd : (118, 35): Actual index positions do not correspond to index positions in type declaration.
# Error: COMP96_0283: function_package.vhd : (119, 14): Actual index positions do not correspond to index positions in type declaration.
# Error: COMP96_0617: function_package.vhd : (119, 24): Assignment target incompatible with right side. Cannot convert 'STD_ULOGIC_VECTOR' to 'STD_ULOGIC'.
# Error: COMP96_0283: function_package.vhd : (121, 22): Actual index positions do not correspond to index positions in type declaration.
# Error: COMP96_0617: function_package.vhd : (121, 11): Assignment target incompatible with right side. Cannot convert 'STD_ULOGIC' to 'STD_ULOGIC_VECTOR'.
# Error: COMP96_0283: function_package.vhd : (122, 14): Actual index positions do not correspond to index positions in type declaration.
# Error: COMP96_0283: function_package.vhd : (122, 35): Actual index positions do not correspond to index positions in type declaration.
# Error: COMP96_0283: function_package.vhd : (123, 14): Actual index positions do not correspond to index positions in type declaration.
# Error: COMP96_0617: function_package.vhd : (123, 24): Assignment target incompatible with right side. Cannot convert 'STD_ULOGIC_VECTOR' to 'STD_ULOGIC'.
# Error: COMP96_0283: function_package.vhd : (124, 22): Actual index positions do not correspond to index positions in type declaration.
# Error: COMP96_0617: function_package.vhd : (124, 11): Assignment target incompatible with right side. Cannot convert 'STD_ULOGIC' to 'STD_ULOGIC_VECTOR'.
# Error: COMP96_0283: function_package.vhd : (125, 14): Actual index positions do not correspond to index positions in type declaration.
# Error: COMP96_0283: function_package.vhd : (125, 35): Actual index positions do not correspond to index positions in type declaration.
# Error: COMP96_0283: function_package.vhd : (126, 14): Actual index positions do not correspond to index positions in type declaration.
# Error: COMP96_0617: function_package.vhd : (126, 24): Assignment target incompatible with right side. Cannot convert 'STD_ULOGIC_VECTOR' to 'STD_ULOGIC'.
# Error: COMP96_0283: function_package.vhd : (128, 22): Actual index positions do not correspond to index positions in type declaration.
# Error: COMP96_0617: function_package.vhd : (128, 11): Assignment target incompatible with right side. Cannot convert 'STD_ULOGIC' to 'STD_ULOGIC_VECTOR'.
# Error: COMP96_0283: function_package.vhd : (129, 14): Actual index positions do not correspond to index positions in type declaration.
# Error: COMP96_0283: function_package.vhd : (129, 35): Actual index positions do not correspond to index positions in type declaration.
# Error: COMP96_0283: function_package.vhd : (130, 14): Actual index positions do not correspond to index positions in type declaration.
# Error: COMP96_0283: function_package.vhd : (130, 35): Actual index positions do not correspond to index positions in type declaration.
# Error: COMP96_0283: function_package.vhd : (131, 14): Actual index positions do not correspond to index positions in type declaration.
# Error: COMP96_0283: function_package.vhd : (131, 35): Actual index positions do not correspond to index positions in type declaration.
# Error: COMP96_0283: function_package.vhd : (132, 14): Actual index positions do not correspond to index positions in type declaration.
# Error: COMP96_0617: function_package.vhd : (132, 24): Assignment target incompatible with right side. Cannot convert 'STD_ULOGIC_VECTOR' to 'STD_ULOGIC'.
# Error: COMP96_0283: function_package.vhd : (137, 48): Actual index positions do not correspond to index positions in type declaration.
# Error: COMP96_0617: function_package.vhd : (137, 37): Assignment target incompatible with right side. Cannot convert 'STD_ULOGIC' to 'STD_ULOGIC_VECTOR'.
# Error: COMP96_0283: function_package.vhd : (138, 48): Actual index positions do not correspond to index positions in type declaration.
# Error: COMP96_0617: function_package.vhd : (138, 37): Assignment target incompatible with right side. Cannot convert 'STD_ULOGIC' to 'STD_ULOGIC_VECTOR'.
# Error: COMP96_0283: function_package.vhd : (139, 48): Actual index positions do not correspond to index positions in type declaration.
# Error: COMP96_0617: function_package.vhd : (139, 37): Assignment target incompatible with right side. Cannot convert 'STD_ULOGIC' to 'STD_ULOGIC_VECTOR'.
# Error: COMP96_0283: function_package.vhd : (140, 48): Actual index positions do not correspond to index positions in type declaration.
# Error: COMP96_0617: function_package.vhd : (140, 37): Assignment target incompatible with right side. Cannot convert 'STD_ULOGIC' to 'STD_ULOGIC_VECTOR'.
# Compile failure 48 Errors 1 Warnings  Analysis time :  0.0 [ms]
acom -dbg -e 100 -work dummyFile -2019  $dsn/src/function_package.vhd
# File: C:/Users/andre/OneDrive/School/ECE 341/encrypt_project_ECE341/dummyFile/src/function_package.vhd
# Compile Package "function_package"
# Compile Package Body "function_package"
# Warning: COMP96_0048: function_package.vhd : (150, 1): This function may complete without return statement.
# Error: COMP96_0283: function_package.vhd : (100, 14): Actual index positions do not correspond to index positions in type declaration.
# Error: COMP96_0617: function_package.vhd : (100, 24): Assignment target incompatible with right side. Cannot convert 'STD_ULOGIC_VECTOR' to 'STD_ULOGIC'.
# Error: COMP96_0283: function_package.vhd : (101, 14): Actual index positions do not correspond to index positions in type declaration.
# Error: COMP96_0617: function_package.vhd : (101, 24): Assignment target incompatible with right side. Cannot convert 'STD_ULOGIC_VECTOR' to 'STD_ULOGIC'.
# Error: COMP96_0283: function_package.vhd : (102, 14): Actual index positions do not correspond to index positions in type declaration.
# Error: COMP96_0617: function_package.vhd : (102, 24): Assignment target incompatible with right side. Cannot convert 'STD_ULOGIC_VECTOR' to 'STD_ULOGIC'.
# Error: COMP96_0283: function_package.vhd : (103, 14): Actual index positions do not correspond to index positions in type declaration.
# Error: COMP96_0617: function_package.vhd : (103, 24): Assignment target incompatible with right side. Cannot convert 'STD_ULOGIC_VECTOR' to 'STD_ULOGIC'.
# Error: COMP96_0283: function_package.vhd : (128, 22): Actual index positions do not correspond to index positions in type declaration.
# Error: COMP96_0617: function_package.vhd : (128, 11): Assignment target incompatible with right side. Cannot convert 'STD_ULOGIC' to 'STD_ULOGIC_VECTOR'.
# Compile failure 10 Errors 1 Warnings  Analysis time :  31.0 [ms]
acom -dbg -e 100 -work dummyFile -2019  $dsn/src/function_package.vhd
# File: C:/Users/andre/OneDrive/School/ECE 341/encrypt_project_ECE341/dummyFile/src/function_package.vhd
# Compile Package "function_package"
# Compile Package Body "function_package"
# Warning: COMP96_0048: function_package.vhd : (150, 1): This function may complete without return statement.
# Error: ELAB1_0003: function_package.vhd : (8, 0): The subprogram "multword" has no corresponding body declaration.
# Error: ELAB1_0003: function_package.vhd : (9, 0): The subprogram "multmax" has no corresponding body declaration.
# Compile failure 2 Errors 1 Warnings  Analysis time :  16.0 [ms]
acom -dbg -e 100 -work dummyFile -2019  $dsn/src/function_package.vhd
# File: C:/Users/andre/OneDrive/School/ECE 341/encrypt_project_ECE341/dummyFile/src/function_package.vhd
# Compile Package "function_package"
# Compile Package Body "function_package"
# Warning: COMP96_0048: function_package.vhd : (193, 1): This function may complete without return statement.
# Error: COMP96_0078: function_package.vhd : (178, 8): Unknown identifier "data".
# Error: COMP96_0133: function_package.vhd : (178, 8): Cannot find object declaration.
# Error: COMP96_0077: function_package.vhd : (178, 8): Undefined type of expression. Expected type 'STD_ULOGIC_VECTOR'.
# Error: COMP96_0078: function_package.vhd : (179, 8): Unknown identifier "data".
# Error: COMP96_0133: function_package.vhd : (179, 8): Cannot find object declaration.
# Error: COMP96_0077: function_package.vhd : (179, 8): Undefined type of expression. Expected type 'STD_ULOGIC_VECTOR'.
# Error: COMP96_0078: function_package.vhd : (180, 8): Unknown identifier "data".
# Error: COMP96_0133: function_package.vhd : (180, 8): Cannot find object declaration.
# Error: COMP96_0077: function_package.vhd : (180, 8): Undefined type of expression. Expected type 'STD_ULOGIC_VECTOR'.
# Error: COMP96_0078: function_package.vhd : (181, 8): Unknown identifier "data".
# Error: COMP96_0133: function_package.vhd : (181, 8): Cannot find object declaration.
# Error: COMP96_0077: function_package.vhd : (181, 8): Undefined type of expression. Expected type 'STD_ULOGIC_VECTOR'.
# Error: COMP96_0078: function_package.vhd : (188, 2): Unknown identifier "output".
# Error: COMP96_0133: function_package.vhd : (188, 2): Cannot find object declaration.
# Error: COMP96_0078: function_package.vhd : (189, 2): Unknown identifier "output".
# Error: COMP96_0133: function_package.vhd : (189, 2): Cannot find object declaration.
# Error: COMP96_0078: function_package.vhd : (190, 2): Unknown identifier "output".
# Error: COMP96_0133: function_package.vhd : (190, 2): Cannot find object declaration.
# Error: COMP96_0078: function_package.vhd : (191, 2): Unknown identifier "output".
# Error: COMP96_0133: function_package.vhd : (191, 2): Cannot find object declaration.
# Compile failure 20 Errors 1 Warnings  Analysis time :  0.0 [ms]
acom -dbg -e 100 -work dummyFile -2019  $dsn/src/function_package.vhd
# File: C:/Users/andre/OneDrive/School/ECE 341/encrypt_project_ECE341/dummyFile/src/function_package.vhd
# Compile Package "function_package"
# Compile Package Body "function_package"
# Error: COMP96_0099: function_package.vhd : (188, 2): Constant cannot be the target of an assignment.
# Error: COMP96_0099: function_package.vhd : (189, 2): Constant cannot be the target of an assignment.
# Error: COMP96_0099: function_package.vhd : (190, 2): Constant cannot be the target of an assignment.
# Error: COMP96_0099: function_package.vhd : (191, 2): Constant cannot be the target of an assignment.
# Compile failure 4 Errors 0 Warnings  Analysis time :  0.0 [ms]
acom -dbg -e 100 -work dummyFile -2019  $dsn/src/function_package.vhd
# File: C:/Users/andre/OneDrive/School/ECE 341/encrypt_project_ECE341/dummyFile/src/function_package.vhd
# Compile Package "function_package"
# Compile Package Body "function_package"
# Compile success 0 Errors 0 Warnings  Analysis time :  0.1 [s]
acom -dbg -e 100 -work dummyFile -2019  $dsn/src/function_package.vhd
# File: C:/Users/andre/OneDrive/School/ECE 341/encrypt_project_ECE341/dummyFile/src/function_package.vhd
# Compile Package "function_package"
# Compile Package Body "function_package"
# Error: COMP96_0015: function_package.vhd : (199, 68): ';' expected.
# Error: COMP96_0015: function_package.vhd : (200, 68): ';' expected.
# Error: COMP96_0015: function_package.vhd : (201, 68): ';' expected.
# Error: COMP96_0015: function_package.vhd : (202, 68): ';' expected.
# Compile failure 4 Errors 0 Warnings  Analysis time :  16.0 [ms]
acom -dbg -e 100 -work dummyFile -2019  $dsn/src/function_package.vhd
# File: C:/Users/andre/OneDrive/School/ECE 341/encrypt_project_ECE341/dummyFile/src/function_package.vhd
# Compile Package "function_package"
# Compile Package Body "function_package"
# Compile success 0 Errors 0 Warnings  Analysis time :  0.2 [s]
acom -dbg -e 100 -work dummyFile -2019  $dsn/src/function_package.vhd
# File: C:/Users/andre/OneDrive/School/ECE 341/encrypt_project_ECE341/dummyFile/src/function_package.vhd
# Compile Package "function_package"
# Compile Package Body "function_package"
# Error: COMP96_0071: function_package.vhd : (177, 15): Operator "=" is not defined for such operands.
# Error: COMP96_0077: function_package.vhd : (177, 5): Undefined type of expression. Expected type 'BOOLEAN'.
# Compile failure 2 Errors 0 Warnings  Analysis time :  16.0 [ms]
acom -dbg -e 100 -work dummyFile -2019  $dsn/src/function_package.vhd
# File: C:/Users/andre/OneDrive/School/ECE 341/encrypt_project_ECE341/dummyFile/src/function_package.vhd
# Compile Package "function_package"
# Compile Package Body "function_package"
# Compile success 0 Errors 0 Warnings  Analysis time :  47.0 [ms]
acom -dbg -e 100 -work dummyFile -2019  $dsn/src/function_package.vhd
# File: C:/Users/andre/OneDrive/School/ECE 341/encrypt_project_ECE341/dummyFile/src/function_package.vhd
# Compile Package "function_package"
# Compile Package Body "function_package"
# Error: COMP96_0111: function_package.vhd : (220, 14): Labels do not match.
# Error: COMP96_0111: function_package.v